<?xml version="1.0" encoding="UTF-8"?>
<!-- Generated by org.testng.reporters.JUnitXMLReporter -->
<testsuite hostname="AnchalT" ignored="0" name="Surefire test" tests="1" failures="1" timestamp="06 Dec 2021 12:14:42 GMT" time="0.053" errors="0">
  <testcase name="verifyUserShouldLoginSuccessfully" time="0.001" classname="com.orangehrmlive.demo.testsuite.LoginTest">
    <failure type="java.lang.NullPointerException">
      <![CDATA[java.lang.NullPointerException
at org.openqa.selenium.support.pagefactory.DefaultElementLocator.findElement(DefaultElementLocator.java:70)
at org.openqa.selenium.support.pagefactory.internal.LocatingElementHandler.invoke(LocatingElementHandler.java:39)
at com.sun.proxy.$Proxy9.sendKeys(Unknown Source)
at com.orangehrmlive.demo.utility.Utility.sendTextToElement(Utility.java:63)
at com.orangehrmlive.demo.pages.LoginPage.enterUserName(LoginPage.java:24)
at com.orangehrmlive.demo.pages.LoginPage.userShouldLoginSuccessfully(LoginPage.java:35)
at com.orangehrmlive.demo.testsuite.LoginTest.verifyUserShouldLoginSuccessfully(LoginTest.java:22)
... Removed 30 stack frames]]>
    </failure>
  </testcase> <!-- verifyUserShouldLoginSuccessfully -->
</testsuite> <!-- Surefire test -->
