-------------------------------------------------------------------------------
Test set: TestSuite
-------------------------------------------------------------------------------
Tests run: 1, Failures: 1, Errors: 0, Skipped: 0, Time elapsed: 0.318 s <<< FAILURE! - in TestSuite
verifyUserShouldLoginSuccessfully(com.orangehrmlive.demo.testsuite.LoginTest)  Time elapsed: 0.008 s  <<< FAILURE!
java.lang.NullPointerException
	at com.orangehrmlive.demo.testsuite.LoginTest.verifyUserShouldLoginSuccessfully(LoginTest.java:22)

